# JRE version: OpenJDK Runtime Environment (8.0_152) (build 1.8.0_152-release-1343-b16-5323222)
# Java VM: OpenJDK 64-Bit Server VM (25.152-b16-5323222 mixed mode linux-amd64 compressed oops)
Heap:
 PSYoungGen      total 429568K, used 0K [0x00000000e0000000, 0x00000000fdd00000, 0x0000000100000000)
  eden space 384000K, 0% used [0x00000000e0000000,0x00000000e0000000,0x00000000f7700000)
  from space 45568K, 0% used [0x00000000fb080000,0x00000000fb080000,0x00000000fdd00000)
  to   space 52224K, 0% used [0x00000000f7700000,0x00000000f7700000,0x00000000faa00000)
 ParOldGen       total 140288K, used 96853K [0x00000000a0000000, 0x00000000a8900000, 0x00000000e0000000)
  object space 140288K, 69% used [0x00000000a0000000,0x00000000a5e955e8,0x00000000a8900000)
 Metaspace       used 93050K, capacity 98349K, committed 98584K, reserved 1134592K
  class space    used 12033K, capacity 12942K, committed 13088K, reserved 1048576K
GC Heap History (10 events):
Event: 123.947 GC heap after
Heap after GC invocations=19 (full 3):
 PSYoungGen      total 345600K, used 26882K [0x00000000e0000000, 0x00000000f8c80000, 0x0000000100000000)
  eden space 305664K, 0% used [0x00000000e0000000,0x00000000e0000000,0x00000000f2a80000)
  from space 39936K, 67% used [0x00000000f6580000,0x00000000f7fc0918,0x00000000f8c80000)
  to   space 50176K, 0% used [0x00000000f2a80000,0x00000000f2a80000,0x00000000f5b80000)
 ParOldGen       total 140288K, used 109814K [0x00000000a0000000, 0x00000000a8900000, 0x00000000e0000000)
  object space 140288K, 78% used [0x00000000a0000000,0x00000000a6b3dbe8,0x00000000a8900000)
 Metaspace       used 89422K, capacity 93805K, committed 93976K, reserved 1130496K
  class space    used 11786K, capacity 12576K, committed 12576K, reserved 1048576K
}
Event: 134.657 GC heap before
{Heap before GC invocations=20 (full 3):
 PSYoungGen      total 345600K, used 332546K [0x00000000e0000000, 0x00000000f8c80000, 0x0000000100000000)
  eden space 305664K, 100% used [0x00000000e0000000,0x00000000f2a80000,0x00000000f2a80000)
  from space 39936K, 67% used [0x00000000f6580000,0x00000000f7fc0918,0x00000000f8c80000)
  to   space 50176K, 0% used [0x00000000f2a80000,0x00000000f2a80000,0x00000000f5b80000)
 ParOldGen       total 140288K, used 109814K [0x00000000a0000000, 0x00000000a8900000, 0x00000000e0000000)
  object space 140288K, 78% used [0x00000000a0000000,0x00000000a6b3dbe8,0x00000000a8900000)
 Metaspace       used 90128K, capacity 94761K, committed 94872K, reserved 1132544K
  class space    used 11813K, capacity 12622K, committed 12704K, reserved 1048576K
Event: 134.746 GC heap after
Heap after GC invocations=20 (full 3):
 PSYoungGen      total 355840K, used 31795K [0x00000000e0000000, 0x00000000fbf00000, 0x0000000100000000)
  eden space 305664K, 0% used [0x00000000e0000000,0x00000000e0000000,0x00000000f2a80000)
  from space 50176K, 63% used [0x00000000f2a80000,0x00000000f498cda0,0x00000000f5b80000)
  to   space 51200K, 0% used [0x00000000f8d00000,0x00000000f8d00000,0x00000000fbf00000)
 ParOldGen       total 140288K, used 109822K [0x00000000a0000000, 0x00000000a8900000, 0x00000000e0000000)
  object space 140288K, 78% used [0x00000000a0000000,0x00000000a6b3fbe8,0x00000000a8900000)
 Metaspace       used 90128K, capacity 94761K, committed 94872K, reserved 1132544K
  class space    used 11813K, capacity 12622K, committed 12704K, reserved 1048576K
}
Event: 280.699 GC heap before
{Heap before GC invocations=21 (full 3):
 PSYoungGen      total 355840K, used 337459K [0x00000000e0000000, 0x00000000fbf00000, 0x0000000100000000)
  eden space 305664K, 100% used [0x00000000e0000000,0x00000000f2a80000,0x00000000f2a80000)
  from space 50176K, 63% used [0x00000000f2a80000,0x00000000f498cda0,0x00000000f5b80000)
  to   space 51200K, 0% used [0x00000000f8d00000,0x00000000f8d00000,0x00000000fbf00000)
 ParOldGen       total 140288K, used 109822K [0x00000000a0000000, 0x00000000a8900000, 0x00000000e0000000)
  object space 140288K, 78% used [0x00000000a0000000,0x00000000a6b3fbe8,0x00000000a8900000)
 Metaspace       used 91147K, capacity 96085K, committed 96280K, reserved 1132544K
  class space    used 11883K, capacity 12746K, committed 12832K, reserved 1048576K
Event: 280.774 GC heap after
Heap after GC invocations=21 (full 3):
 PSYoungGen      total 387072K, used 17477K [0x00000000e0000000, 0x00000000fb380000, 0x0000000100000000)
  eden space 347648K, 0% used [0x00000000e0000000,0x00000000e0000000,0x00000000f5380000)
  from space 39424K, 44% used [0x00000000f8d00000,0x00000000f9e11640,0x00000000fb380000)
  to   space 49152K, 0% used [0x00000000f5380000,0x00000000f5380000,0x00000000f8380000)
 ParOldGen       total 140288K, used 109830K [0x00000000a0000000, 0x00000000a8900000, 0x00000000e0000000)
  object space 140288K, 78% used [0x00000000a0000000,0x00000000a6b41be8,0x00000000a8900000)
 Metaspace       used 91147K, capacity 96085K, committed 96280K, reserved 1132544K
  class space    used 11883K, capacity 12746K, committed 12832K, reserved 1048576K
}
Event: 295.458 GC heap before
{Heap before GC invocations=22 (full 3):
 PSYoungGen      total 387072K, used 365125K [0x00000000e0000000, 0x00000000fb380000, 0x0000000100000000)
  eden space 347648K, 100% used [0x00000000e0000000,0x00000000f5380000,0x00000000f5380000)
  from space 39424K, 44% used [0x00000000f8d00000,0x00000000f9e11640,0x00000000fb380000)
  to   space 49152K, 0% used [0x00000000f5380000,0x00000000f5380000,0x00000000f8380000)
 ParOldGen       total 140288K, used 109830K [0x00000000a0000000, 0x00000000a8900000, 0x00000000e0000000)
  object space 140288K, 78% used [0x00000000a0000000,0x00000000a6b41be8,0x00000000a8900000)
 Metaspace       used 92083K, capacity 97537K, committed 97688K, reserved 1134592K
  class space    used 11961K, capacity 12882K, committed 12960K, reserved 1048576K
Event: 295.610 GC heap after
Heap after GC invocations=22 (full 3):
 PSYoungGen      total 396800K, used 32548K [0x00000000e0000000, 0x00000000fe200000, 0x0000000100000000)
  eden space 347648K, 0% used [0x00000000e0000000,0x00000000e0000000,0x00000000f5380000)
  from space 49152K, 66% used [0x00000000f5380000,0x00000000f7349168,0x00000000f8380000)
  to   space 50688K, 0% used [0x00000000fb080000,0x00000000fb080000,0x00000000fe200000)
 ParOldGen       total 140288K, used 109838K [0x00000000a0000000, 0x00000000a8900000, 0x00000000e0000000)
  object space 140288K, 78% used [0x00000000a0000000,0x00000000a6b43be8,0x00000000a8900000)
 Metaspace       used 92083K, capacity 97537K, committed 97688K, reserved 1134592K
  class space    used 11961K, capacity 12882K, committed 12960K, reserved 1048576K
}
Event: 557.736 GC heap before
{Heap before GC invocations=23 (full 3):
 PSYoungGen      total 396800K, used 245043K [0x00000000e0000000, 0x00000000fe200000, 0x0000000100000000)
  eden space 347648K, 61% used [0x00000000e0000000,0x00000000ecf83d98,0x00000000f5380000)
  from space 49152K, 66% used [0x00000000f5380000,0x00000000f7349168,0x00000000f8380000)
  to   space 50688K, 0% used [0x00000000fb080000,0x00000000fb080000,0x00000000fe200000)
 ParOldGen       total 140288K, used 109838K [0x00000000a0000000, 0x00000000a8900000, 0x00000000e0000000)
  object space 140288K, 78% used [0x00000000a0000000,0x00000000a6b43be8,0x00000000a8900000)
 Metaspace       used 93087K, capacity 98457K, committed 98584K, reserved 1134592K
  class space    used 12044K, capacity 12962K, committed 13088K, reserved 1048576K
Event: 557.946 GC heap after
Heap after GC invocations=23 (full 3):
 PSYoungGen      total 429568K, used 35074K [0x00000000e0000000, 0x00000000fdd00000, 0x0000000100000000)
  eden space 384000K, 0% used [0x00000000e0000000,0x00000000e0000000,0x00000000f7700000)
  from space 45568K, 76% used [0x00000000fb080000,0x00000000fd2c0bb0,0x00000000fdd00000)
  to   space 52224K, 0% used [0x00000000f7700000,0x00000000f7700000,0x00000000faa00000)
 ParOldGen       total 140288K, used 109846K [0x00000000a0000000, 0x00000000a8900000, 0x00000000e0000000)
  object space 140288K, 78% used [0x00000000a0000000,0x00000000a6b45be8,0x00000000a8900000)
 Metaspace       used 93087K, capacity 98457K, committed 98584K, reserved 1134592K
  class space    used 12044K, capacity 12962K, committed 13088K, reserved 1048576K
}
Event: 557.958 GC heap before
{Heap before GC invocations=24 (full 4):
 PSYoungGen      total 429568K, used 35074K [0x00000000e0000000, 0x00000000fdd00000, 0x0000000100000000)
  eden space 384000K, 0% used [0x00000000e0000000,0x00000000e0000000,0x00000000f7700000)
  from space 45568K, 76% used [0x00000000fb080000,0x00000000fd2c0bb0,0x00000000fdd00000)
  to   space 52224K, 0% used [0x00000000f7700000,0x00000000f7700000,0x00000000faa00000)
 ParOldGen       total 140288K, used 109846K [0x00000000a0000000, 0x00000000a8900000, 0x00000000e0000000)
  object space 140288K, 78% used [0x00000000a0000000,0x00000000a6b45be8,0x00000000a8900000)
 Metaspace       used 93087K, capacity 98457K, committed 98584K, reserved 1134592K
  class space    used 12044K, capacity 12962K, committed 13088K, reserved 1048576K

