# JRE version: OpenJDK Runtime Environment (8.0_152) (build 1.8.0_152-release-1343-b16-5323222)
# Java VM: OpenJDK 64-Bit Server VM (25.152-b16-5323222 mixed mode linux-amd64 compressed oops)
Heap:
 PSYoungGen      total 333312K, used 0K [0x00000000e0000000, 0x0000000100000000, 0x0000000100000000)
  eden space 175104K, 0% used [0x00000000e0000000,0x00000000e0000000,0x00000000eab00000)
  from space 158208K, 0% used [0x00000000f6580000,0x00000000f6580000,0x0000000100000000)
  to   space 174592K, 0% used [0x00000000eab00000,0x00000000eab00000,0x00000000f5580000)
 ParOldGen       total 375296K, used 233002K [0x00000000a0000000, 0x00000000b6e80000, 0x00000000e0000000)
  object space 375296K, 62% used [0x00000000a0000000,0x00000000ae38a8b0,0x00000000b6e80000)
 Metaspace       used 124403K, capacity 133521K, committed 137240K, reserved 1169408K
  class space    used 15163K, capacity 16656K, committed 17440K, reserved 1048576K
GC Heap History (10 events):
Event: 12603.747 GC heap after
Heap after GC invocations=121 (full 9):
 PSYoungGen      total 386048K, used 30325K [0x00000000e0000000, 0x00000000fcb00000, 0x0000000100000000)
  eden space 309248K, 0% used [0x00000000e0000000,0x00000000e0000000,0x00000000f2e00000)
  from space 76800K, 39% used [0x00000000f8000000,0x00000000f9d9d408,0x00000000fcb00000)
  to   space 80384K, 0% used [0x00000000f2e00000,0x00000000f2e00000,0x00000000f7c80000)
 ParOldGen       total 375296K, used 188523K [0x00000000a0000000, 0x00000000b6e80000, 0x00000000e0000000)
  object space 375296K, 50% used [0x00000000a0000000,0x00000000ab81afe8,0x00000000b6e80000)
 Metaspace       used 126448K, capacity 135949K, committed 136984K, reserved 1169408K
  class space    used 15448K, capacity 17061K, committed 17440K, reserved 1048576K
}
Event: 12604.656 GC heap before
{Heap before GC invocations=122 (full 9):
 PSYoungGen      total 386048K, used 339573K [0x00000000e0000000, 0x00000000fcb00000, 0x0000000100000000)
  eden space 309248K, 100% used [0x00000000e0000000,0x00000000f2e00000,0x00000000f2e00000)
  from space 76800K, 39% used [0x00000000f8000000,0x00000000f9d9d408,0x00000000fcb00000)
  to   space 80384K, 0% used [0x00000000f2e00000,0x00000000f2e00000,0x00000000f7c80000)
 ParOldGen       total 375296K, used 188523K [0x00000000a0000000, 0x00000000b6e80000, 0x00000000e0000000)
  object space 375296K, 50% used [0x00000000a0000000,0x00000000ab81afe8,0x00000000b6e80000)
 Metaspace       used 126589K, capacity 136161K, committed 137240K, reserved 1169408K
  class space    used 15473K, capacity 17105K, committed 17440K, reserved 1048576K
Event: 12604.718 GC heap after
Heap after GC invocations=122 (full 9):
 PSYoungGen      total 389632K, used 80378K [0x00000000e0000000, 0x0000000100000000, 0x0000000100000000)
  eden space 309248K, 0% used [0x00000000e0000000,0x00000000e0000000,0x00000000f2e00000)
  from space 80384K, 99% used [0x00000000f2e00000,0x00000000f7c7eaf8,0x00000000f7c80000)
  to   space 101888K, 0% used [0x00000000f9c80000,0x00000000f9c80000,0x0000000100000000)
 ParOldGen       total 375296K, used 210906K [0x00000000a0000000, 0x00000000b6e80000, 0x00000000e0000000)
  object space 375296K, 56% used [0x00000000a0000000,0x00000000acdf68a0,0x00000000b6e80000)
 Metaspace       used 126589K, capacity 136161K, committed 137240K, reserved 1169408K
  class space    used 15473K, capacity 17105K, committed 17440K, reserved 1048576K
}
Event: 12605.961 GC heap before
{Heap before GC invocations=123 (full 9):
 PSYoungGen      total 389632K, used 389626K [0x00000000e0000000, 0x0000000100000000, 0x0000000100000000)
  eden space 309248K, 100% used [0x00000000e0000000,0x00000000f2e00000,0x00000000f2e00000)
  from space 80384K, 99% used [0x00000000f2e00000,0x00000000f7c7eaf8,0x00000000f7c80000)
  to   space 101888K, 0% used [0x00000000f9c80000,0x00000000f9c80000,0x0000000100000000)
 ParOldGen       total 375296K, used 210906K [0x00000000a0000000, 0x00000000b6e80000, 0x00000000e0000000)
  object space 375296K, 56% used [0x00000000a0000000,0x00000000acdf68a0,0x00000000b6e80000)
 Metaspace       used 126592K, capacity 136161K, committed 137240K, reserved 1169408K
  class space    used 15473K, capacity 17105K, committed 17440K, reserved 1048576K
Event: 12606.186 GC heap after
Heap after GC invocations=123 (full 9):
 PSYoungGen      total 338432K, used 101869K [0x00000000e0000000, 0x0000000100000000, 0x0000000100000000)
  eden space 236544K, 0% used [0x00000000e0000000,0x00000000e0000000,0x00000000ee700000)
  from space 101888K, 99% used [0x00000000f9c80000,0x00000000ffffb670,0x0000000100000000)
  to   space 143872K, 0% used [0x00000000ee700000,0x00000000ee700000,0x00000000f7380000)
 ParOldGen       total 375296K, used 278759K [0x00000000a0000000, 0x00000000b6e80000, 0x00000000e0000000)
  object space 375296K, 74% used [0x00000000a0000000,0x00000000b1039ca0,0x00000000b6e80000)
 Metaspace       used 126592K, capacity 136161K, committed 137240K, reserved 1169408K
  class space    used 15473K, capacity 17105K, committed 17440K, reserved 1048576K
}
Event: 12609.755 GC heap before
{Heap before GC invocations=124 (full 9):
 PSYoungGen      total 338432K, used 338413K [0x00000000e0000000, 0x0000000100000000, 0x0000000100000000)
  eden space 236544K, 100% used [0x00000000e0000000,0x00000000ee700000,0x00000000ee700000)
  from space 101888K, 99% used [0x00000000f9c80000,0x00000000ffffb670,0x0000000100000000)
  to   space 143872K, 0% used [0x00000000ee700000,0x00000000ee700000,0x00000000f7380000)
 ParOldGen       total 375296K, used 278759K [0x00000000a0000000, 0x00000000b6e80000, 0x00000000e0000000)
  object space 375296K, 74% used [0x00000000a0000000,0x00000000b1039ca0,0x00000000b6e80000)
 Metaspace       used 126599K, capacity 136161K, committed 137240K, reserved 1169408K
  class space    used 15473K, capacity 17105K, committed 17440K, reserved 1048576K
Event: 12610.235 GC heap after
Heap after GC invocations=124 (full 9):
 PSYoungGen      total 366080K, used 129251K [0x00000000e0000000, 0x0000000100000000, 0x0000000100000000)
  eden space 236544K, 0% used [0x00000000e0000000,0x00000000e0000000,0x00000000ee700000)
  from space 129536K, 99% used [0x00000000ee700000,0x00000000f6538ec0,0x00000000f6580000)
  to   space 158208K, 0% used [0x00000000f6580000,0x00000000f6580000,0x0000000100000000)
 ParOldGen       total 375296K, used 280089K [0x00000000a0000000, 0x00000000b6e80000, 0x00000000e0000000)
  object space 375296K, 74% used [0x00000000a0000000,0x00000000b11864e8,0x00000000b6e80000)
 Metaspace       used 126599K, capacity 136161K, committed 137240K, reserved 1169408K
  class space    used 15473K, capacity 17105K, committed 17440K, reserved 1048576K
}
Event: 12613.759 GC heap before
{Heap before GC invocations=125 (full 9):
 PSYoungGen      total 366080K, used 365795K [0x00000000e0000000, 0x0000000100000000, 0x0000000100000000)
  eden space 236544K, 100% used [0x00000000e0000000,0x00000000ee700000,0x00000000ee700000)
  from space 129536K, 99% used [0x00000000ee700000,0x00000000f6538ec0,0x00000000f6580000)
  to   space 158208K, 0% used [0x00000000f6580000,0x00000000f6580000,0x0000000100000000)
 ParOldGen       total 375296K, used 280089K [0x00000000a0000000, 0x00000000b6e80000, 0x00000000e0000000)
  object space 375296K, 74% used [0x00000000a0000000,0x00000000b11864e8,0x00000000b6e80000)
 Metaspace       used 126600K, capacity 136161K, committed 137240K, reserved 1169408K
  class space    used 15473K, capacity 17105K, committed 17440K, reserved 1048576K
Event: 12614.481 GC heap after
Heap after GC invocations=125 (full 9):
 PSYoungGen      total 333312K, used 158188K [0x00000000e0000000, 0x0000000100000000, 0x0000000100000000)
  eden space 175104K, 0% used [0x00000000e0000000,0x00000000e0000000,0x00000000eab00000)
  from space 158208K, 99% used [0x00000000f6580000,0x00000000ffffb168,0x0000000100000000)
  to   space 174592K, 0% used [0x00000000eab00000,0x00000000eab00000,0x00000000f5580000)
 ParOldGen       total 375296K, used 338064K [0x00000000a0000000, 0x00000000b6e80000, 0x00000000e0000000)
  object space 375296K, 90% used [0x00000000a0000000,0x00000000b4a24210,0x00000000b6e80000)
 Metaspace       used 126600K, capacity 136161K, committed 137240K, reserved 1169408K
  class space    used 15473K, capacity 17105K, committed 17440K, reserved 1048576K
}
Event: 12614.571 GC heap before
{Heap before GC invocations=126 (full 10):
 PSYoungGen      total 333312K, used 158188K [0x00000000e0000000, 0x0000000100000000, 0x0000000100000000)
  eden space 175104K, 0% used [0x00000000e0000000,0x00000000e0000000,0x00000000eab00000)
  from space 158208K, 99% used [0x00000000f6580000,0x00000000ffffb168,0x0000000100000000)
  to   space 174592K, 0% used [0x00000000eab00000,0x00000000eab00000,0x00000000f5580000)
 ParOldGen       total 375296K, used 338064K [0x00000000a0000000, 0x00000000b6e80000, 0x00000000e0000000)
  object space 375296K, 90% used [0x00000000a0000000,0x00000000b4a24210,0x00000000b6e80000)
 Metaspace       used 126600K, capacity 136161K, committed 137240K, reserved 1169408K
  class space    used 15473K, capacity 17105K, committed 17440K, reserved 1048576K

